
  .   ____          _            __ _ _
 /\\ / ___'_ __ _ _(_)_ __  __ _ \ \ \ \
( ( )\___ | '_ | '_| | '_ \/ _` | \ \ \ \
 \\/  ___)| |_)| | | | | || (_| |  ) ) ) )
  '  |____| .__|_| |_|_| |_\__, | / / / /
 =========|_|==============|___/=/_/_/_/

 :: Spring Boot ::                (v3.5.7)

2025-11-05T19:01:19.290+07:00  INFO 15806 --- [backend] [           main] c.rentmate.backend.BackendApplication    : Starting BackendApplication v0.0.1-SNAPSHOT using Java 24.0.1 with PID 15806 (/Volumes/YTA_Data/RentMate/backend/target/backend-0.0.1-SNAPSHOT.jar started by yethuaung in /Volumes/YTA_Data/RentMate/backend)
2025-11-05T19:01:19.292+07:00  INFO 15806 --- [backend] [           main] c.rentmate.backend.BackendApplication    : No active profile set, falling back to 1 default profile: "default"
2025-11-05T19:01:19.973+07:00  INFO 15806 --- [backend] [           main] .s.d.r.c.RepositoryConfigurationDelegate : Bootstrapping Spring Data JPA repositories in DEFAULT mode.
2025-11-05T19:01:19.991+07:00  INFO 15806 --- [backend] [           main] .s.d.r.c.RepositoryConfigurationDelegate : Finished Spring Data repository scanning in 10 ms. Found 0 JPA repository interfaces.
2025-11-05T19:01:20.360+07:00  INFO 15806 --- [backend] [           main] o.s.b.w.embedded.tomcat.TomcatWebServer  : Tomcat initialized with port 8080 (http)
2025-11-05T19:01:20.373+07:00  INFO 15806 --- [backend] [           main] o.apache.catalina.core.StandardService   : Starting service [Tomcat]
2025-11-05T19:01:20.373+07:00  INFO 15806 --- [backend] [           main] o.apache.catalina.core.StandardEngine    : Starting Servlet engine: [Apache Tomcat/10.1.48]
2025-11-05T19:01:20.399+07:00  INFO 15806 --- [backend] [           main] o.a.c.c.C.[Tomcat].[localhost].[/]       : Initializing Spring embedded WebApplicationContext
2025-11-05T19:01:20.400+07:00  INFO 15806 --- [backend] [           main] w.s.c.ServletWebServerApplicationContext : Root WebApplicationContext: initialization completed in 1061 ms
2025-11-05T19:01:20.545+07:00  INFO 15806 --- [backend] [           main] o.hibernate.jpa.internal.util.LogHelper  : HHH000204: Processing PersistenceUnitInfo [name: default]
2025-11-05T19:01:20.590+07:00  INFO 15806 --- [backend] [           main] org.hibernate.Version                    : HHH000412: Hibernate ORM core version 6.6.33.Final
2025-11-05T19:01:20.615+07:00  INFO 15806 --- [backend] [           main] o.h.c.internal.RegionFactoryInitiator    : HHH000026: Second-level cache disabled
2025-11-05T19:01:20.842+07:00  INFO 15806 --- [backend] [           main] o.s.o.j.p.SpringPersistenceUnitInfo      : No LoadTimeWeaver setup: ignoring JPA class transformer
2025-11-05T19:01:20.872+07:00  INFO 15806 --- [backend] [           main] com.zaxxer.hikari.HikariDataSource       : HikariPool-1 - Starting...
2025-11-05T19:01:21.037+07:00  INFO 15806 --- [backend] [           main] com.zaxxer.hikari.pool.HikariPool        : HikariPool-1 - Added connection conn0: url=jdbc:h2:mem:rentmate user=SA
2025-11-05T19:01:21.039+07:00  INFO 15806 --- [backend] [           main] com.zaxxer.hikari.HikariDataSource       : HikariPool-1 - Start completed.
2025-11-05T19:01:21.085+07:00  INFO 15806 --- [backend] [           main] org.hibernate.orm.connections.pooling    : HHH10001005: Database info:
	Database JDBC URL [Connecting through datasource 'HikariDataSource (HikariPool-1)']
	Database driver: undefined/unknown
	Database version: 2.3.232
	Autocommit mode: undefined/unknown
	Isolation level: undefined/unknown
	Minimum pool size: undefined/unknown
	Maximum pool size: undefined/unknown
2025-11-05T19:01:21.319+07:00  INFO 15806 --- [backend] [           main] o.h.e.t.j.p.i.JtaPlatformInitiator       : HHH000489: No JTA platform available (set 'hibernate.transaction.jta.platform' to enable JTA platform integration)
2025-11-05T19:01:21.322+07:00  INFO 15806 --- [backend] [           main] j.LocalContainerEntityManagerFactoryBean : Initialized JPA EntityManagerFactory for persistence unit 'default'
2025-11-05T19:01:21.351+07:00  WARN 15806 --- [backend] [           main] JpaBaseConfiguration$JpaWebConfiguration : spring.jpa.open-in-view is enabled by default. Therefore, database queries may be performed during view rendering. Explicitly configure spring.jpa.open-in-view to disable this warning
2025-11-05T19:01:21.586+07:00  INFO 15806 --- [backend] [           main] o.s.b.a.h2.H2ConsoleAutoConfiguration    : H2 console available at '/h2-console'. Database available at 'jdbc:h2:mem:rentmate'
2025-11-05T19:01:21.645+07:00  WARN 15806 --- [backend] [           main] ConfigServletWebServerApplicationContext : Exception encountered during context initialization - cancelling refresh attempt: org.springframework.context.ApplicationContextException: Failed to start bean 'webServerStartStop'
2025-11-05T19:01:21.649+07:00  INFO 15806 --- [backend] [           main] j.LocalContainerEntityManagerFactoryBean : Closing JPA EntityManagerFactory for persistence unit 'default'
2025-11-05T19:01:21.651+07:00  INFO 15806 --- [backend] [           main] com.zaxxer.hikari.HikariDataSource       : HikariPool-1 - Shutdown initiated...
2025-11-05T19:01:21.653+07:00  INFO 15806 --- [backend] [           main] com.zaxxer.hikari.HikariDataSource       : HikariPool-1 - Shutdown completed.
2025-11-05T19:01:21.663+07:00  INFO 15806 --- [backend] [           main] .s.b.a.l.ConditionEvaluationReportLogger : 

Error starting ApplicationContext. To display the condition evaluation report re-run your application with 'debug' enabled.
2025-11-05T19:01:21.680+07:00 ERROR 15806 --- [backend] [           main] o.s.b.d.LoggingFailureAnalysisReporter   : 

***************************
APPLICATION FAILED TO START
***************************

Description:

Web server failed to start. Port 8080 was already in use.

Action:

Identify and stop the process that's listening on port 8080 or configure this application to listen on another port.

